<?xml version="1.0" encoding="UTF-8"?>
<!-- Generated by org.testng.reporters.JUnitXMLReporter -->
<testsuite ignored="0" hostname="DESKTOP-VA6VM32" failures="0" tests="4" name="FunctionalTest" time="58.508" errors="0" timestamp="2020-12-06T15:14:45 EST">
  <testcase classname="selenium_grid.Selenium_grid_Chrome2" name="runINChrome2" time="44.635"/>
  <testcase classname="selenium_grid.Selenium_grid_Chrome1" name="runInChrome1" time="54.198"/>
  <testcase classname="selenium_grid.Selenium_grid_Chrome3" name="runInChrome1" time="57.469"/>
  <testcase classname="selenium_grid.Selenium_grid_firefox" name="runInFirefox" time="58.365"/>
</testsuite> <!-- FunctionalTest -->
